build/app/intermediates/manifest_merge_blame_file/release/manifest-merger-blame-release-report.txt
1<?xml version="1.0" encoding="utf-8"?>
2<manifest xmlns:android="http://schemas.android.com/apk/res/android"
3    package="com.example.incasator"
4    android:versionCode="1"
5    android:versionName="1.0.0" >
6
7    <uses-sdk
8        android:minSdkVersion="21"
9        android:targetSdkVersion="35" />
10
11    <uses-permission android:name="android.permission.READ_EXTERNAL_STORAGE" />
11-->src/main/AndroidManifest.xml:2:5-79
11-->src/main/AndroidManifest.xml:2:22-77
12    <uses-permission android:name="android.permission.WRITE_EXTERNAL_STORAGE" />
12-->src/main/AndroidManifest.xml:3:5-80
12-->src/main/AndroidManifest.xml:3:22-78
13    <!--
14         Required to query activities that can process text, see:
15         https://developer.android.com/training/package-visibility and
16         https://developer.android.com/reference/android/content/Intent#ACTION_PROCESS_TEXT.
17
18         In particular, this is used by the Flutter engine in io.flutter.plugin.text.ProcessTextPlugin.
19    -->
20    <queries>
20-->src/main/AndroidManifest.xml:41:5-46:15
21        <intent>
21-->src/main/AndroidManifest.xml:42:9-45:18
22            <action android:name="android.intent.action.PROCESS_TEXT" />
22-->src/main/AndroidManifest.xml:43:13-72
22-->src/main/AndroidManifest.xml:43:21-70
23
24            <data android:mimeType="text/plain" />
24-->src/main/AndroidManifest.xml:44:13-50
24-->src/main/AndroidManifest.xml:44:19-48
25        </intent>
26    </queries>
27
28    <uses-permission android:name="android.permission.CAMERA" />
28-->[:mobile_scanner] AndroidManifest.xml:7:5-65
28-->[:mobile_scanner] AndroidManifest.xml:7:22-62
29
30    <uses-feature
30-->[:mobile_scanner] AndroidManifest.xml:9:5-11:36
31        android:name="android.hardware.camera"
31-->[:mobile_scanner] AndroidManifest.xml:10:9-47
32        android:required="false" />
32-->[:mobile_scanner] AndroidManifest.xml:11:9-33
33
34    <permission
34-->[androidx.core:core:1.13.1] AndroidManifest.xml:22:5-24:47
35        android:name="com.example.incasator.DYNAMIC_RECEIVER_NOT_EXPORTED_PERMISSION"
35-->[androidx.core:core:1.13.1] AndroidManifest.xml:23:9-81
36        android:protectionLevel="signature" />
36-->[androidx.core:core:1.13.1] AndroidManifest.xml:24:9-44
37
38    <uses-permission android:name="com.example.incasator.DYNAMIC_RECEIVER_NOT_EXPORTED_PERMISSION" /> <!-- Although the *SdkVersion is captured in gradle build files, this is required for non gradle builds -->
38-->[androidx.core:core:1.13.1] AndroidManifest.xml:26:5-97
38-->[androidx.core:core:1.13.1] AndroidManifest.xml:26:22-94
39    <!-- <uses-sdk android:minSdkVersion="14"/> -->
40    <uses-permission android:name="android.permission.ACCESS_NETWORK_STATE" />
40-->[com.google.android.datatransport:transport-backend-cct:2.3.3] AndroidManifest.xml:25:5-79
40-->[com.google.android.datatransport:transport-backend-cct:2.3.3] AndroidManifest.xml:25:22-76
41    <uses-permission android:name="android.permission.INTERNET" />
41-->[com.google.android.datatransport:transport-backend-cct:2.3.3] AndroidManifest.xml:26:5-67
41-->[com.google.android.datatransport:transport-backend-cct:2.3.3] AndroidManifest.xml:26:22-64
42
43    <application
44        android:name="android.app.Application"
44-->src/main/AndroidManifest.xml:6:9-42
45        android:appComponentFactory="androidx.core.app.CoreComponentFactory"
45-->[androidx.core:core:1.13.1] AndroidManifest.xml:28:18-86
46        android:extractNativeLibs="true"
47        android:icon="@mipmap/ic_launcher"
47-->src/main/AndroidManifest.xml:7:9-43
48        android:label="incasator" >
48-->src/main/AndroidManifest.xml:5:9-34
49        <activity
49-->src/main/AndroidManifest.xml:8:9-29:20
50            android:name="com.example.incasator.MainActivity"
50-->src/main/AndroidManifest.xml:9:13-41
51            android:configChanges="orientation|keyboardHidden|keyboard|screenSize|smallestScreenSize|locale|layoutDirection|fontScale|screenLayout|density|uiMode"
51-->src/main/AndroidManifest.xml:14:13-163
52            android:exported="true"
52-->src/main/AndroidManifest.xml:10:13-36
53            android:hardwareAccelerated="true"
53-->src/main/AndroidManifest.xml:15:13-47
54            android:launchMode="singleTop"
54-->src/main/AndroidManifest.xml:11:13-43
55            android:taskAffinity=""
55-->src/main/AndroidManifest.xml:12:13-36
56            android:theme="@style/LaunchTheme"
56-->src/main/AndroidManifest.xml:13:13-47
57            android:windowSoftInputMode="adjustResize" >
57-->src/main/AndroidManifest.xml:16:13-55
58
59            <!--
60                 Specifies an Android theme to apply to this Activity as soon as
61                 the Android process has started. This theme is visible to the user
62                 while the Flutter UI initializes. After that, this theme continues
63                 to determine the Window background behind the Flutter UI.
64            -->
65            <meta-data
65-->src/main/AndroidManifest.xml:21:13-24:17
66                android:name="io.flutter.embedding.android.NormalTheme"
66-->src/main/AndroidManifest.xml:22:15-70
67                android:resource="@style/NormalTheme" />
67-->src/main/AndroidManifest.xml:23:15-52
68
69            <intent-filter>
69-->src/main/AndroidManifest.xml:25:13-28:29
70                <action android:name="android.intent.action.MAIN" />
70-->src/main/AndroidManifest.xml:26:17-68
70-->src/main/AndroidManifest.xml:26:25-66
71
72                <category android:name="android.intent.category.LAUNCHER" />
72-->src/main/AndroidManifest.xml:27:17-76
72-->src/main/AndroidManifest.xml:27:27-74
73            </intent-filter>
74        </activity>
75        <!--
76             Don't delete the meta-data below.
77             This is used by the Flutter tool to generate GeneratedPluginRegistrant.java
78        -->
79        <meta-data
79-->src/main/AndroidManifest.xml:32:9-34:33
80            android:name="flutterEmbedding"
80-->src/main/AndroidManifest.xml:33:13-44
81            android:value="2" />
81-->src/main/AndroidManifest.xml:34:13-30
82
83        <provider
83-->[:image_picker_android] AndroidManifest.xml:9:9-17:20
84            android:name="io.flutter.plugins.imagepicker.ImagePickerFileProvider"
84-->[:image_picker_android] AndroidManifest.xml:10:13-82
85            android:authorities="com.example.incasator.flutter.image_provider"
85-->[:image_picker_android] AndroidManifest.xml:11:13-74
86            android:exported="false"
86-->[:image_picker_android] AndroidManifest.xml:12:13-37
87            android:grantUriPermissions="true" >
87-->[:image_picker_android] AndroidManifest.xml:13:13-47
88            <meta-data
88-->[:image_picker_android] AndroidManifest.xml:14:13-16:75
89                android:name="android.support.FILE_PROVIDER_PATHS"
89-->[:image_picker_android] AndroidManifest.xml:15:17-67
90                android:resource="@xml/flutter_image_picker_file_paths" />
90-->[:image_picker_android] AndroidManifest.xml:16:17-72
91        </provider> <!-- Trigger Google Play services to install the backported photo picker module. -->
92        <service
92-->[:image_picker_android] AndroidManifest.xml:19:9-31:19
93            android:name="com.google.android.gms.metadata.ModuleDependencies"
93-->[:image_picker_android] AndroidManifest.xml:20:13-78
94            android:enabled="false"
94-->[:image_picker_android] AndroidManifest.xml:21:13-36
95            android:exported="false" >
95-->[:image_picker_android] AndroidManifest.xml:22:13-37
96            <intent-filter>
96-->[:image_picker_android] AndroidManifest.xml:24:13-26:29
97                <action android:name="com.google.android.gms.metadata.MODULE_DEPENDENCIES" />
97-->[:image_picker_android] AndroidManifest.xml:25:17-94
97-->[:image_picker_android] AndroidManifest.xml:25:25-91
98            </intent-filter>
99
100            <meta-data
100-->[:image_picker_android] AndroidManifest.xml:28:13-30:36
101                android:name="photopicker_activity:0:required"
101-->[:image_picker_android] AndroidManifest.xml:29:17-63
102                android:value="" />
102-->[:image_picker_android] AndroidManifest.xml:30:17-33
103        </service>
104
105        <provider
105-->[:open_file_android] AndroidManifest.xml:9:9-19:20
106            android:name="com.crazecoder.openfile.FileProvider"
106-->[:open_file_android] AndroidManifest.xml:10:13-64
107            android:authorities="com.example.incasator.fileProvider.com.crazecoder.openfile"
107-->[:open_file_android] AndroidManifest.xml:11:13-88
108            android:exported="false"
108-->[:open_file_android] AndroidManifest.xml:12:13-37
109            android:grantUriPermissions="true"
109-->[:open_file_android] AndroidManifest.xml:13:13-47
110            android:requestLegacyExternalStorage="true" >
110-->[:open_file_android] AndroidManifest.xml:14:13-56
111            <meta-data
111-->[:image_picker_android] AndroidManifest.xml:14:13-16:75
112                android:name="android.support.FILE_PROVIDER_PATHS"
112-->[:image_picker_android] AndroidManifest.xml:15:17-67
113                android:resource="@xml/filepaths" />
113-->[:image_picker_android] AndroidManifest.xml:16:17-72
114        </provider>
115        <!--
116        Service for holding metadata. Cannot be instantiated.
117        Metadata will be merged from other manifests.
118        -->
119        <service
119-->[androidx.camera:camera-core:1.3.4] AndroidManifest.xml:29:9-33:78
120            android:name="androidx.camera.core.impl.MetadataHolderService"
120-->[androidx.camera:camera-core:1.3.4] AndroidManifest.xml:30:13-75
121            android:enabled="false"
121-->[androidx.camera:camera-core:1.3.4] AndroidManifest.xml:31:13-36
122            android:exported="false" >
122-->[androidx.camera:camera-core:1.3.4] AndroidManifest.xml:32:13-37
123            <meta-data
123-->[androidx.camera:camera-camera2:1.3.4] AndroidManifest.xml:30:13-32:89
124                android:name="androidx.camera.core.impl.MetadataHolderService.DEFAULT_CONFIG_PROVIDER"
124-->[androidx.camera:camera-camera2:1.3.4] AndroidManifest.xml:31:17-103
125                android:value="androidx.camera.camera2.Camera2Config$DefaultProvider" />
125-->[androidx.camera:camera-camera2:1.3.4] AndroidManifest.xml:32:17-86
126        </service>
127        <service
127-->[com.google.android.gms:play-services-mlkit-barcode-scanning:18.3.1] AndroidManifest.xml:9:9-15:19
128            android:name="com.google.mlkit.common.internal.MlKitComponentDiscoveryService"
128-->[com.google.android.gms:play-services-mlkit-barcode-scanning:18.3.1] AndroidManifest.xml:10:13-91
129            android:directBootAware="true"
129-->[com.google.mlkit:common:18.11.0] AndroidManifest.xml:17:13-43
130            android:exported="false" >
130-->[com.google.android.gms:play-services-mlkit-barcode-scanning:18.3.1] AndroidManifest.xml:11:13-37
131            <meta-data
131-->[com.google.android.gms:play-services-mlkit-barcode-scanning:18.3.1] AndroidManifest.xml:12:13-14:85
132                android:name="com.google.firebase.components:com.google.mlkit.vision.barcode.internal.BarcodeRegistrar"
132-->[com.google.android.gms:play-services-mlkit-barcode-scanning:18.3.1] AndroidManifest.xml:13:17-120
133                android:value="com.google.firebase.components.ComponentRegistrar" />
133-->[com.google.android.gms:play-services-mlkit-barcode-scanning:18.3.1] AndroidManifest.xml:14:17-82
134            <meta-data
134-->[com.google.mlkit:vision-common:17.3.0] AndroidManifest.xml:12:13-14:85
135                android:name="com.google.firebase.components:com.google.mlkit.vision.common.internal.VisionCommonRegistrar"
135-->[com.google.mlkit:vision-common:17.3.0] AndroidManifest.xml:13:17-124
136                android:value="com.google.firebase.components.ComponentRegistrar" />
136-->[com.google.mlkit:vision-common:17.3.0] AndroidManifest.xml:14:17-82
137            <meta-data
137-->[com.google.mlkit:common:18.11.0] AndroidManifest.xml:20:13-22:85
138                android:name="com.google.firebase.components:com.google.mlkit.common.internal.CommonComponentRegistrar"
138-->[com.google.mlkit:common:18.11.0] AndroidManifest.xml:21:17-120
139                android:value="com.google.firebase.components.ComponentRegistrar" />
139-->[com.google.mlkit:common:18.11.0] AndroidManifest.xml:22:17-82
140        </service>
141
142        <provider
142-->[com.google.mlkit:common:18.11.0] AndroidManifest.xml:9:9-13:38
143            android:name="com.google.mlkit.common.internal.MlKitInitProvider"
143-->[com.google.mlkit:common:18.11.0] AndroidManifest.xml:10:13-78
144            android:authorities="com.example.incasator.mlkitinitprovider"
144-->[com.google.mlkit:common:18.11.0] AndroidManifest.xml:11:13-69
145            android:exported="false"
145-->[com.google.mlkit:common:18.11.0] AndroidManifest.xml:12:13-37
146            android:initOrder="99" />
146-->[com.google.mlkit:common:18.11.0] AndroidManifest.xml:13:13-35
147
148        <activity
148-->[com.google.android.gms:play-services-base:18.5.0] AndroidManifest.xml:5:9-173
149            android:name="com.google.android.gms.common.api.GoogleApiActivity"
149-->[com.google.android.gms:play-services-base:18.5.0] AndroidManifest.xml:5:19-85
150            android:exported="false"
150-->[com.google.android.gms:play-services-base:18.5.0] AndroidManifest.xml:5:146-170
151            android:theme="@android:style/Theme.Translucent.NoTitleBar" />
151-->[com.google.android.gms:play-services-base:18.5.0] AndroidManifest.xml:5:86-145
152
153        <meta-data
153-->[com.google.android.gms:play-services-basement:18.4.0] AndroidManifest.xml:6:9-122
154            android:name="com.google.android.gms.version"
154-->[com.google.android.gms:play-services-basement:18.4.0] AndroidManifest.xml:6:20-65
155            android:value="@integer/google_play_services_version" />
155-->[com.google.android.gms:play-services-basement:18.4.0] AndroidManifest.xml:6:66-119
156
157        <uses-library
157-->[androidx.window:window:1.2.0] AndroidManifest.xml:23:9-25:40
158            android:name="androidx.window.extensions"
158-->[androidx.window:window:1.2.0] AndroidManifest.xml:24:13-54
159            android:required="false" />
159-->[androidx.window:window:1.2.0] AndroidManifest.xml:25:13-37
160        <uses-library
160-->[androidx.window:window:1.2.0] AndroidManifest.xml:26:9-28:40
161            android:name="androidx.window.sidecar"
161-->[androidx.window:window:1.2.0] AndroidManifest.xml:27:13-51
162            android:required="false" />
162-->[androidx.window:window:1.2.0] AndroidManifest.xml:28:13-37
163
164        <provider
164-->[androidx.emoji2:emoji2:1.2.0] AndroidManifest.xml:24:9-32:20
165            android:name="androidx.startup.InitializationProvider"
165-->[androidx.emoji2:emoji2:1.2.0] AndroidManifest.xml:25:13-67
166            android:authorities="com.example.incasator.androidx-startup"
166-->[androidx.emoji2:emoji2:1.2.0] AndroidManifest.xml:26:13-68
167            android:exported="false" >
167-->[androidx.emoji2:emoji2:1.2.0] AndroidManifest.xml:27:13-37
168            <meta-data
168-->[androidx.emoji2:emoji2:1.2.0] AndroidManifest.xml:29:13-31:52
169                android:name="androidx.emoji2.text.EmojiCompatInitializer"
169-->[androidx.emoji2:emoji2:1.2.0] AndroidManifest.xml:30:17-75
170                android:value="androidx.startup" />
170-->[androidx.emoji2:emoji2:1.2.0] AndroidManifest.xml:31:17-49
171            <meta-data
171-->[androidx.lifecycle:lifecycle-process:2.7.0] AndroidManifest.xml:29:13-31:52
172                android:name="androidx.lifecycle.ProcessLifecycleInitializer"
172-->[androidx.lifecycle:lifecycle-process:2.7.0] AndroidManifest.xml:30:17-78
173                android:value="androidx.startup" />
173-->[androidx.lifecycle:lifecycle-process:2.7.0] AndroidManifest.xml:31:17-49
174            <meta-data
174-->[androidx.profileinstaller:profileinstaller:1.3.1] AndroidManifest.xml:29:13-31:52
175                android:name="androidx.profileinstaller.ProfileInstallerInitializer"
175-->[androidx.profileinstaller:profileinstaller:1.3.1] AndroidManifest.xml:30:17-85
176                android:value="androidx.startup" />
176-->[androidx.profileinstaller:profileinstaller:1.3.1] AndroidManifest.xml:31:17-49
177        </provider>
178
179        <receiver
179-->[androidx.profileinstaller:profileinstaller:1.3.1] AndroidManifest.xml:34:9-52:20
180            android:name="androidx.profileinstaller.ProfileInstallReceiver"
180-->[androidx.profileinstaller:profileinstaller:1.3.1] AndroidManifest.xml:35:13-76
181            android:directBootAware="false"
181-->[androidx.profileinstaller:profileinstaller:1.3.1] AndroidManifest.xml:36:13-44
182            android:enabled="true"
182-->[androidx.profileinstaller:profileinstaller:1.3.1] AndroidManifest.xml:37:13-35
183            android:exported="true"
183-->[androidx.profileinstaller:profileinstaller:1.3.1] AndroidManifest.xml:38:13-36
184            android:permission="android.permission.DUMP" >
184-->[androidx.profileinstaller:profileinstaller:1.3.1] AndroidManifest.xml:39:13-57
185            <intent-filter>
185-->[androidx.profileinstaller:profileinstaller:1.3.1] AndroidManifest.xml:40:13-42:29
186                <action android:name="androidx.profileinstaller.action.INSTALL_PROFILE" />
186-->[androidx.profileinstaller:profileinstaller:1.3.1] AndroidManifest.xml:41:17-91
186-->[androidx.profileinstaller:profileinstaller:1.3.1] AndroidManifest.xml:41:25-88
187            </intent-filter>
188            <intent-filter>
188-->[androidx.profileinstaller:profileinstaller:1.3.1] AndroidManifest.xml:43:13-45:29
189                <action android:name="androidx.profileinstaller.action.SKIP_FILE" />
189-->[androidx.profileinstaller:profileinstaller:1.3.1] AndroidManifest.xml:44:17-85
189-->[androidx.profileinstaller:profileinstaller:1.3.1] AndroidManifest.xml:44:25-82
190            </intent-filter>
191            <intent-filter>
191-->[androidx.profileinstaller:profileinstaller:1.3.1] AndroidManifest.xml:46:13-48:29
192                <action android:name="androidx.profileinstaller.action.SAVE_PROFILE" />
192-->[androidx.profileinstaller:profileinstaller:1.3.1] AndroidManifest.xml:47:17-88
192-->[androidx.profileinstaller:profileinstaller:1.3.1] AndroidManifest.xml:47:25-85
193            </intent-filter>
194            <intent-filter>
194-->[androidx.profileinstaller:profileinstaller:1.3.1] AndroidManifest.xml:49:13-51:29
195                <action android:name="androidx.profileinstaller.action.BENCHMARK_OPERATION" />
195-->[androidx.profileinstaller:profileinstaller:1.3.1] AndroidManifest.xml:50:17-95
195-->[androidx.profileinstaller:profileinstaller:1.3.1] AndroidManifest.xml:50:25-92
196            </intent-filter>
197        </receiver>
198
199        <service
199-->[com.google.android.datatransport:transport-backend-cct:2.3.3] AndroidManifest.xml:29:9-35:19
200            android:name="com.google.android.datatransport.runtime.backends.TransportBackendDiscovery"
200-->[com.google.android.datatransport:transport-backend-cct:2.3.3] AndroidManifest.xml:30:13-103
201            android:exported="false" >
201-->[com.google.android.datatransport:transport-backend-cct:2.3.3] AndroidManifest.xml:31:13-37
202            <meta-data
202-->[com.google.android.datatransport:transport-backend-cct:2.3.3] AndroidManifest.xml:32:13-34:39
203                android:name="backend:com.google.android.datatransport.cct.CctBackendFactory"
203-->[com.google.android.datatransport:transport-backend-cct:2.3.3] AndroidManifest.xml:33:17-94
204                android:value="cct" />
204-->[com.google.android.datatransport:transport-backend-cct:2.3.3] AndroidManifest.xml:34:17-36
205        </service>
206        <service
206-->[com.google.android.datatransport:transport-runtime:2.2.6] AndroidManifest.xml:26:9-30:19
207            android:name="com.google.android.datatransport.runtime.scheduling.jobscheduling.JobInfoSchedulerService"
207-->[com.google.android.datatransport:transport-runtime:2.2.6] AndroidManifest.xml:27:13-117
208            android:exported="false"
208-->[com.google.android.datatransport:transport-runtime:2.2.6] AndroidManifest.xml:28:13-37
209            android:permission="android.permission.BIND_JOB_SERVICE" >
209-->[com.google.android.datatransport:transport-runtime:2.2.6] AndroidManifest.xml:29:13-69
210        </service>
211
212        <receiver
212-->[com.google.android.datatransport:transport-runtime:2.2.6] AndroidManifest.xml:32:9-34:40
213            android:name="com.google.android.datatransport.runtime.scheduling.jobscheduling.AlarmManagerSchedulerBroadcastReceiver"
213-->[com.google.android.datatransport:transport-runtime:2.2.6] AndroidManifest.xml:33:13-132
214            android:exported="false" />
214-->[com.google.android.datatransport:transport-runtime:2.2.6] AndroidManifest.xml:34:13-37
215    </application>
216
217</manifest>